生成启动时间为 2017/4/12 22:17:19。
     1>项目“C:\Users\zhangqing\Documents\Visual Studio 2010\Projects\K-Means\K-Means\K-Means.vcxproj”在节点 2 上(build 个目标)。
     1>InitializeBuildStatus:
         正在对“Debug\K-Means.unsuccessfulbuild”执行 Touch 任务。
       ClCompile:
         C:\Program Files (x86)\Microsoft Visual Studio 10.0\VC\bin\CL.exe /c /ZI /nologo /W3 /WX- /Od /Oy- /D _MBCS /Gm /EHsc /RTC1 /MDd /GS /fp:precise /Zc:wchar_t /Zc:forScope /Fo"Debug\\" /Fd"Debug\vc100.pdb" /Gd /TP /analyze- /errorReport:prompt Kmeans.cpp main.cpp
         main.cpp
         Kmeans.cpp
         正在生成代码...
       Link:
         C:\Program Files (x86)\Microsoft Visual Studio 10.0\VC\bin\link.exe /ERRORREPORT:PROMPT /OUT:"C:\Users\zhangqing\Documents\Visual Studio 2010\Projects\K-Means\Debug\K-Means.exe" /NOLOGO kernel32.lib user32.lib gdi32.lib winspool.lib comdlg32.lib advapi32.lib shell32.lib ole32.lib oleaut32.lib uuid.lib odbc32.lib odbccp32.lib /MANIFEST /ManifestFile:"Debug\K-Means.exe.intermediate.manifest" /MANIFESTUAC:"level='asInvoker' uiAccess='false'" /DEBUG /PDB:"C:\Users\zhangqing\Documents\Visual Studio 2010\Projects\K-Means\Debug\K-Means.pdb" /TLBID:1 /DYNAMICBASE /NXCOMPAT /IMPLIB:"C:\Users\zhangqing\Documents\Visual Studio 2010\Projects\K-Means\Debug\K-Means.lib" /MACHINE:X86 Debug\Kmeans.obj
         Debug\main.obj
         K-Means.vcxproj -> C:\Users\zhangqing\Documents\Visual Studio 2010\Projects\K-Means\Debug\K-Means.exe
       Manifest:
         C:\Program Files (x86)\Microsoft SDKs\Windows\v7.0A\bin\mt.exe /nologo /verbose /outputresource:"C:\Users\zhangqing\Documents\Visual Studio 2010\Projects\K-Means\Debug\K-Means.exe;#1" /manifest "Debug\K-Means.exe.intermediate.manifest"
       FinalizeBuildStatus:
         正在删除文件“Debug\K-Means.unsuccessfulbuild”。
         正在对“Debug\K-Means.lastbuildstate”执行 Touch 任务。
     1>已完成生成项目“C:\Users\zhangqing\Documents\Visual Studio 2010\Projects\K-Means\K-Means\K-Means.vcxproj”(build 个目标)的操作。

生成成功。

已用时间 00:00:01.60
